
> vibe-generated-app@1.0.0 dev
> vite


  VITE v5.4.20  ready in 255 ms

  ➜  Local:   http://localhost:3000/
  ➜  Network: http://172.20.31.16:3000/
3:06:44 PM [vite] Pre-transform error: Transform failed with 1 error:
/home/workspace/src/components/StoryScroll.jsx:92:97: ERROR: Expected "}" but found "as"
3:06:46 PM [vite] Internal server error: Transform failed with 1 error:
/home/workspace/src/components/StoryScroll.jsx:92:97: ERROR: Expected "}" but found "as"
  Plugin: vite:esbuild
  File: /home/workspace/src/components/StoryScroll.jsx:92:97
  
  Expected "}" but found "as"
  90 |                  WebkitMaskPosition: reduce ? '50% 50%' : useTransform(t2In, [0, 1], ['50% 90%', '50% 50%']),
  91 |                  maskPosition: reduce ? '50% 50%' : useTransform(t2In, [0, 1], ['50% 90%', '50% 50%']),
  92 |                  filter: reduce ? 'none' : useTransform(t2In, [0, 1], ['blur(8px)', 'blur(0px)']) as any,
     |                                                                                                   ^
  93 |                }}
  94 |                transition={{ duration: 1.0, ease: easeCinematic }}
  
      at failureErrorWithLog (/home/workspace/node_modules/esbuild/lib/main.js:1472:15)
      at /home/workspace/node_modules/esbuild/lib/main.js:755:50
      at responseCallbacks.<computed> (/home/workspace/node_modules/esbuild/lib/main.js:622:9)
      at handleIncomingPacket (/home/workspace/node_modules/esbuild/lib/main.js:677:12)
      at Socket.readFromStdout (/home/workspace/node_modules/esbuild/lib/main.js:600:7)
      at Socket.emit (node:events:508:28)
      at addChunk (node:internal/streams/readable:559:12)
      at readableAddChunkPushByteMode (node:internal/streams/readable:510:3)
      at Readable.push (node:internal/streams/readable:390:5)
      at Pipe.onStreamRead (node:internal/stream_base_commons:189:23)
3:06:48 PM [vite] Internal server error: Transform failed with 1 error:
/home/workspace/src/components/StoryScroll.jsx:92:97: ERROR: Expected "}" but found "as"
  Plugin: vite:esbuild
  File: /home/workspace/src/components/StoryScroll.jsx:92:97
  
  Expected "}" but found "as"
  90 |                  WebkitMaskPosition: reduce ? '50% 50%' : useTransform(t2In, [0, 1], ['50% 90%', '50% 50%']),
  91 |                  maskPosition: reduce ? '50% 50%' : useTransform(t2In, [0, 1], ['50% 90%', '50% 50%']),
  92 |                  filter: reduce ? 'none' : useTransform(t2In, [0, 1], ['blur(8px)', 'blur(0px)']) as any,
     |                                                                                                   ^
  93 |                }}
  94 |                transition={{ duration: 1.0, ease: easeCinematic }}
  
      at failureErrorWithLog (/home/workspace/node_modules/esbuild/lib/main.js:1472:15)
      at /home/workspace/node_modules/esbuild/lib/main.js:755:50
      at responseCallbacks.<computed> (/home/workspace/node_modules/esbuild/lib/main.js:622:9)
      at handleIncomingPacket (/home/workspace/node_modules/esbuild/lib/main.js:677:12)
      at Socket.readFromStdout (/home/workspace/node_modules/esbuild/lib/main.js:600:7)
      at Socket.emit (node:events:508:28)
      at addChunk (node:internal/streams/readable:559:12)
      at readableAddChunkPushByteMode (node:internal/streams/readable:510:3)
      at Readable.push (node:internal/streams/readable:390:5)
      at Pipe.onStreamRead (node:internal/stream_base_commons:189:23)
